2017-07-03 19:49:42,036 [main] DEBUG org.mybatis.spring.mapper.ClassPathMapperScanner - Identified candidate component class: file [/home/wanglin/git/uniauth/uniauth-server/bin/com/dianrong/common/uniauth/server/data/mapper/ProfileDefinitionMapper.class] 
2017-07-03 19:49:42,037 [main] DEBUG org.mybatis.spring.mapper.ClassPathMapperScanner - Identified candidate component class: file [/home/wanglin/git/uniauth/uniauth-server/bin/com/dianrong/common/uniauth/server/data/mapper/TagMapper.class] 
2017-07-03 19:49:42,037 [main] DEBUG org.mybatis.spring.mapper.ClassPathMapperScanner - Identified candidate component class: file [/home/wanglin/git/uniauth/uniauth-server/bin/com/dianrong/common/uniauth/server/data/mapper/UserMapper.class] 
2017-07-03 19:49:42,038 [main] DEBUG org.mybatis.spring.mapper.ClassPathMapperScanner - Identified candidate component class: file [/home/wanglin/git/uniauth/uniauth-server/bin/com/dianrong/common/uniauth/server/data/mapper/UserThirdAccountMapper.class] 
2017-07-03 19:49:42,038 [main] DEBUG org.mybatis.spring.mapper.ClassPathMapperScanner - Identified candidate component class: file [/home/wanglin/git/uniauth/uniauth-server/bin/com/dianrong/common/uniauth/server/data/mapper/GrpMapper.class] 
2017-07-03 19:49:42,038 [main] DEBUG org.mybatis.spring.mapper.ClassPathMapperScanner - Identified candidate component class: file [/home/wanglin/git/uniauth/uniauth-server/bin/com/dianrong/common/uniauth/server/data/mapper/GrpExtendValMapper.class] 
2017-07-03 19:49:42,039 [main] DEBUG org.mybatis.spring.mapper.ClassPathMapperScanner - Identified candidate component class: file [/home/wanglin/git/uniauth/uniauth-server/bin/com/dianrong/common/uniauth/server/data/mapper/PermissionMapper.class] 
2017-07-03 19:49:42,039 [main] DEBUG org.mybatis.spring.mapper.ClassPathMapperScanner - Identified candidate component class: file [/home/wanglin/git/uniauth/uniauth-server/bin/com/dianrong/common/uniauth/server/data/mapper/RolePermissionMapper.class] 
2017-07-03 19:49:42,039 [main] DEBUG org.mybatis.spring.mapper.ClassPathMapperScanner - Identified candidate component class: file [/home/wanglin/git/uniauth/uniauth-server/bin/com/dianrong/common/uniauth/server/data/mapper/UserTagMapper.class] 
2017-07-03 19:49:42,040 [main] DEBUG org.mybatis.spring.mapper.ClassPathMapperScanner - Identified candidate component class: file [/home/wanglin/git/uniauth/uniauth-server/bin/com/dianrong/common/uniauth/server/data/mapper/CfgTypeMapper.class] 
2017-07-03 19:49:42,040 [main] DEBUG org.mybatis.spring.mapper.ClassPathMapperScanner - Identified candidate component class: file [/home/wanglin/git/uniauth/uniauth-server/bin/com/dianrong/common/uniauth/server/data/mapper/StakeholderMapper.class] 
2017-07-03 19:49:42,040 [main] DEBUG org.mybatis.spring.mapper.ClassPathMapperScanner - Identified candidate component class: file [/home/wanglin/git/uniauth/uniauth-server/bin/com/dianrong/common/uniauth/server/data/mapper/GrpTagMapper.class] 
2017-07-03 19:49:42,040 [main] DEBUG org.mybatis.spring.mapper.ClassPathMapperScanner - Identified candidate component class: file [/home/wanglin/git/uniauth/uniauth-server/bin/com/dianrong/common/uniauth/server/data/mapper/UserDetailMapper.class] 
2017-07-03 19:49:42,040 [main] DEBUG org.mybatis.spring.mapper.ClassPathMapperScanner - Identified candidate component class: file [/home/wanglin/git/uniauth/uniauth-server/bin/com/dianrong/common/uniauth/server/data/mapper/UserGrpMapper.class] 
2017-07-03 19:49:42,041 [main] DEBUG org.mybatis.spring.mapper.ClassPathMapperScanner - Identified candidate component class: file [/home/wanglin/git/uniauth/uniauth-server/bin/com/dianrong/common/uniauth/server/data/mapper/UserRoleMapper.class] 
2017-07-03 19:49:42,041 [main] DEBUG org.mybatis.spring.mapper.ClassPathMapperScanner - Identified candidate component class: file [/home/wanglin/git/uniauth/uniauth-server/bin/com/dianrong/common/uniauth/server/data/mapper/ProfileDefinitionPathMapper.class] 
2017-07-03 19:49:42,041 [main] DEBUG org.mybatis.spring.mapper.ClassPathMapperScanner - Identified candidate component class: file [/home/wanglin/git/uniauth/uniauth-server/bin/com/dianrong/common/uniauth/server/data/mapper/RoleMapper.class] 
2017-07-03 19:49:42,042 [main] DEBUG org.mybatis.spring.mapper.ClassPathMapperScanner - Identified candidate component class: file [/home/wanglin/git/uniauth/uniauth-server/bin/com/dianrong/common/uniauth/server/data/mapper/UserAttributeRecordsMapper.class] 
2017-07-03 19:49:42,042 [main] DEBUG org.mybatis.spring.mapper.ClassPathMapperScanner - Identified candidate component class: file [/home/wanglin/git/uniauth/uniauth-server/bin/com/dianrong/common/uniauth/server/data/mapper/TenancyMapper.class] 
2017-07-03 19:49:42,042 [main] DEBUG org.mybatis.spring.mapper.ClassPathMapperScanner - Identified candidate component class: file [/home/wanglin/git/uniauth/uniauth-server/bin/com/dianrong/common/uniauth/server/data/mapper/ProfileDefinitionAttributeMapper.class] 
2017-07-03 19:49:42,042 [main] DEBUG org.mybatis.spring.mapper.ClassPathMapperScanner - Identified candidate component class: file [/home/wanglin/git/uniauth/uniauth-server/bin/com/dianrong/common/uniauth/server/data/mapper/LoginMapper.class] 
2017-07-03 19:49:42,043 [main] DEBUG org.mybatis.spring.mapper.ClassPathMapperScanner - Identified candidate component class: file [/home/wanglin/git/uniauth/uniauth-server/bin/com/dianrong/common/uniauth/server/data/mapper/GrpRoleMapper.class] 
2017-07-03 19:49:42,043 [main] DEBUG org.mybatis.spring.mapper.ClassPathMapperScanner - Identified candidate component class: file [/home/wanglin/git/uniauth/uniauth-server/bin/com/dianrong/common/uniauth/server/data/mapper/TagTypeMapper.class] 
2017-07-03 19:49:42,043 [main] DEBUG org.mybatis.spring.mapper.ClassPathMapperScanner - Identified candidate component class: file [/home/wanglin/git/uniauth/uniauth-server/bin/com/dianrong/common/uniauth/server/data/mapper/UserWorkRelationshipMapper.class] 
2017-07-03 19:49:42,043 [main] DEBUG org.mybatis.spring.mapper.ClassPathMapperScanner - Identified candidate component class: file [/home/wanglin/git/uniauth/uniauth-server/bin/com/dianrong/common/uniauth/server/data/mapper/UserExtendValMapper.class] 
2017-07-03 19:49:42,044 [main] DEBUG org.mybatis.spring.mapper.ClassPathMapperScanner - Identified candidate component class: file [/home/wanglin/git/uniauth/uniauth-server/bin/com/dianrong/common/uniauth/server/data/mapper/DomainMapper.class] 
2017-07-03 19:49:42,044 [main] DEBUG org.mybatis.spring.mapper.ClassPathMapperScanner - Identified candidate component class: file [/home/wanglin/git/uniauth/uniauth-server/bin/com/dianrong/common/uniauth/server/data/mapper/GrpPathMapper.class] 
2017-07-03 19:49:42,044 [main] DEBUG org.mybatis.spring.mapper.ClassPathMapperScanner - Identified candidate component class: file [/home/wanglin/git/uniauth/uniauth-server/bin/com/dianrong/common/uniauth/server/data/mapper/ApiPermissionMapper.class] 
2017-07-03 19:49:42,044 [main] DEBUG org.mybatis.spring.mapper.ClassPathMapperScanner - Identified candidate component class: file [/home/wanglin/git/uniauth/uniauth-server/bin/com/dianrong/common/uniauth/server/data/mapper/CallerPermissionMapper.class] 
2017-07-03 19:49:42,045 [main] DEBUG org.mybatis.spring.mapper.ClassPathMapperScanner - Identified candidate component class: file [/home/wanglin/git/uniauth/uniauth-server/bin/com/dianrong/common/uniauth/server/data/mapper/RoleCodeMapper.class] 
2017-07-03 19:49:42,045 [main] DEBUG org.mybatis.spring.mapper.ClassPathMapperScanner - Identified candidate component class: file [/home/wanglin/git/uniauth/uniauth-server/bin/com/dianrong/common/uniauth/server/data/mapper/PermTypeMapper.class] 
2017-07-03 19:49:42,045 [main] DEBUG org.mybatis.spring.mapper.ClassPathMapperScanner - Identified candidate component class: file [/home/wanglin/git/uniauth/uniauth-server/bin/com/dianrong/common/uniauth/server/data/mapper/CfgMapper.class] 
2017-07-03 19:49:42,045 [main] DEBUG org.mybatis.spring.mapper.ClassPathMapperScanner - Identified candidate component class: file [/home/wanglin/git/uniauth/uniauth-server/bin/com/dianrong/common/uniauth/server/data/mapper/GrpAttributeRecordsMapper.class] 
2017-07-03 19:49:42,045 [main] DEBUG org.mybatis.spring.mapper.ClassPathMapperScanner - Identified candidate component class: file [/home/wanglin/git/uniauth/uniauth-server/bin/com/dianrong/common/uniauth/server/data/mapper/ApiCallerInfoMapper.class] 
2017-07-03 19:49:42,046 [main] DEBUG org.mybatis.spring.mapper.ClassPathMapperScanner - Identified candidate component class: file [/home/wanglin/git/uniauth/uniauth-server/bin/com/dianrong/common/uniauth/server/data/mapper/AuditMapper.class] 
2017-07-03 19:49:42,046 [main] DEBUG org.mybatis.spring.mapper.ClassPathMapperScanner - Identified candidate component class: file [/home/wanglin/git/uniauth/uniauth-server/bin/com/dianrong/common/uniauth/server/data/mapper/UserPwdLogMapper.class] 
2017-07-03 19:49:42,046 [main] DEBUG org.mybatis.spring.mapper.ClassPathMapperScanner - Identified candidate component class: file [/home/wanglin/git/uniauth/uniauth-server/bin/com/dianrong/common/uniauth/server/data/mapper/AttributeExtendMapper.class] 
2017-07-03 19:49:42,048 [main] DEBUG org.mybatis.spring.mapper.ClassPathMapperScanner - Creating MapperFactoryBean with name 'profileDefinitionMapper' and 'com.dianrong.common.uniauth.server.data.mapper.ProfileDefinitionMapper' mapperInterface 
2017-07-03 19:49:42,050 [main] DEBUG org.mybatis.spring.mapper.ClassPathMapperScanner - Creating MapperFactoryBean with name 'tagMapper' and 'com.dianrong.common.uniauth.server.data.mapper.TagMapper' mapperInterface 
2017-07-03 19:49:42,051 [main] DEBUG org.mybatis.spring.mapper.ClassPathMapperScanner - Creating MapperFactoryBean with name 'userMapper' and 'com.dianrong.common.uniauth.server.data.mapper.UserMapper' mapperInterface 
2017-07-03 19:49:42,051 [main] DEBUG org.mybatis.spring.mapper.ClassPathMapperScanner - Creating MapperFactoryBean with name 'userThirdAccountMapper' and 'com.dianrong.common.uniauth.server.data.mapper.UserThirdAccountMapper' mapperInterface 
2017-07-03 19:49:42,051 [main] DEBUG org.mybatis.spring.mapper.ClassPathMapperScanner - Creating MapperFactoryBean with name 'grpMapper' and 'com.dianrong.common.uniauth.server.data.mapper.GrpMapper' mapperInterface 
2017-07-03 19:49:42,051 [main] DEBUG org.mybatis.spring.mapper.ClassPathMapperScanner - Creating MapperFactoryBean with name 'grpExtendValMapper' and 'com.dianrong.common.uniauth.server.data.mapper.GrpExtendValMapper' mapperInterface 
2017-07-03 19:49:42,051 [main] DEBUG org.mybatis.spring.mapper.ClassPathMapperScanner - Creating MapperFactoryBean with name 'permissionMapper' and 'com.dianrong.common.uniauth.server.data.mapper.PermissionMapper' mapperInterface 
2017-07-03 19:49:42,051 [main] DEBUG org.mybatis.spring.mapper.ClassPathMapperScanner - Creating MapperFactoryBean with name 'rolePermissionMapper' and 'com.dianrong.common.uniauth.server.data.mapper.RolePermissionMapper' mapperInterface 
2017-07-03 19:49:42,051 [main] DEBUG org.mybatis.spring.mapper.ClassPathMapperScanner - Creating MapperFactoryBean with name 'userTagMapper' and 'com.dianrong.common.uniauth.server.data.mapper.UserTagMapper' mapperInterface 
2017-07-03 19:49:42,051 [main] DEBUG org.mybatis.spring.mapper.ClassPathMapperScanner - Creating MapperFactoryBean with name 'cfgTypeMapper' and 'com.dianrong.common.uniauth.server.data.mapper.CfgTypeMapper' mapperInterface 
2017-07-03 19:49:42,051 [main] DEBUG org.mybatis.spring.mapper.ClassPathMapperScanner - Creating MapperFactoryBean with name 'stakeholderMapper' and 'com.dianrong.common.uniauth.server.data.mapper.StakeholderMapper' mapperInterface 
2017-07-03 19:49:42,051 [main] DEBUG org.mybatis.spring.mapper.ClassPathMapperScanner - Creating MapperFactoryBean with name 'grpTagMapper' and 'com.dianrong.common.uniauth.server.data.mapper.GrpTagMapper' mapperInterface 
2017-07-03 19:49:42,052 [main] DEBUG org.mybatis.spring.mapper.ClassPathMapperScanner - Creating MapperFactoryBean with name 'userDetailMapper' and 'com.dianrong.common.uniauth.server.data.mapper.UserDetailMapper' mapperInterface 
2017-07-03 19:49:42,052 [main] DEBUG org.mybatis.spring.mapper.ClassPathMapperScanner - Creating MapperFactoryBean with name 'userGrpMapper' and 'com.dianrong.common.uniauth.server.data.mapper.UserGrpMapper' mapperInterface 
2017-07-03 19:49:42,052 [main] DEBUG org.mybatis.spring.mapper.ClassPathMapperScanner - Creating MapperFactoryBean with name 'userRoleMapper' and 'com.dianrong.common.uniauth.server.data.mapper.UserRoleMapper' mapperInterface 
2017-07-03 19:49:42,052 [main] DEBUG org.mybatis.spring.mapper.ClassPathMapperScanner - Creating MapperFactoryBean with name 'profileDefinitionPathMapper' and 'com.dianrong.common.uniauth.server.data.mapper.ProfileDefinitionPathMapper' mapperInterface 
2017-07-03 19:49:42,052 [main] DEBUG org.mybatis.spring.mapper.ClassPathMapperScanner - Creating MapperFactoryBean with name 'roleMapper' and 'com.dianrong.common.uniauth.server.data.mapper.RoleMapper' mapperInterface 
2017-07-03 19:49:42,052 [main] DEBUG org.mybatis.spring.mapper.ClassPathMapperScanner - Creating MapperFactoryBean with name 'userAttributeRecordsMapper' and 'com.dianrong.common.uniauth.server.data.mapper.UserAttributeRecordsMapper' mapperInterface 
2017-07-03 19:49:42,052 [main] DEBUG org.mybatis.spring.mapper.ClassPathMapperScanner - Creating MapperFactoryBean with name 'tenancyMapper' and 'com.dianrong.common.uniauth.server.data.mapper.TenancyMapper' mapperInterface 
2017-07-03 19:49:42,052 [main] DEBUG org.mybatis.spring.mapper.ClassPathMapperScanner - Creating MapperFactoryBean with name 'profileDefinitionAttributeMapper' and 'com.dianrong.common.uniauth.server.data.mapper.ProfileDefinitionAttributeMapper' mapperInterface 
2017-07-03 19:49:42,052 [main] DEBUG org.mybatis.spring.mapper.ClassPathMapperScanner - Creating MapperFactoryBean with name 'loginMapper' and 'com.dianrong.common.uniauth.server.data.mapper.LoginMapper' mapperInterface 
2017-07-03 19:49:42,052 [main] DEBUG org.mybatis.spring.mapper.ClassPathMapperScanner - Creating MapperFactoryBean with name 'grpRoleMapper' and 'com.dianrong.common.uniauth.server.data.mapper.GrpRoleMapper' mapperInterface 
2017-07-03 19:49:42,052 [main] DEBUG org.mybatis.spring.mapper.ClassPathMapperScanner - Creating MapperFactoryBean with name 'tagTypeMapper' and 'com.dianrong.common.uniauth.server.data.mapper.TagTypeMapper' mapperInterface 
2017-07-03 19:49:42,052 [main] DEBUG org.mybatis.spring.mapper.ClassPathMapperScanner - Creating MapperFactoryBean with name 'userWorkRelationshipMapper' and 'com.dianrong.common.uniauth.server.data.mapper.UserWorkRelationshipMapper' mapperInterface 
2017-07-03 19:49:42,052 [main] DEBUG org.mybatis.spring.mapper.ClassPathMapperScanner - Creating MapperFactoryBean with name 'userExtendValMapper' and 'com.dianrong.common.uniauth.server.data.mapper.UserExtendValMapper' mapperInterface 
2017-07-03 19:49:42,052 [main] DEBUG org.mybatis.spring.mapper.ClassPathMapperScanner - Creating MapperFactoryBean with name 'domainMapper' and 'com.dianrong.common.uniauth.server.data.mapper.DomainMapper' mapperInterface 
2017-07-03 19:49:42,053 [main] DEBUG org.mybatis.spring.mapper.ClassPathMapperScanner - Creating MapperFactoryBean with name 'grpPathMapper' and 'com.dianrong.common.uniauth.server.data.mapper.GrpPathMapper' mapperInterface 
2017-07-03 19:49:42,053 [main] DEBUG org.mybatis.spring.mapper.ClassPathMapperScanner - Creating MapperFactoryBean with name 'apiPermissionMapper' and 'com.dianrong.common.uniauth.server.data.mapper.ApiPermissionMapper' mapperInterface 
2017-07-03 19:49:42,053 [main] DEBUG org.mybatis.spring.mapper.ClassPathMapperScanner - Creating MapperFactoryBean with name 'callerPermissionMapper' and 'com.dianrong.common.uniauth.server.data.mapper.CallerPermissionMapper' mapperInterface 
2017-07-03 19:49:42,053 [main] DEBUG org.mybatis.spring.mapper.ClassPathMapperScanner - Creating MapperFactoryBean with name 'roleCodeMapper' and 'com.dianrong.common.uniauth.server.data.mapper.RoleCodeMapper' mapperInterface 
2017-07-03 19:49:42,053 [main] DEBUG org.mybatis.spring.mapper.ClassPathMapperScanner - Creating MapperFactoryBean with name 'permTypeMapper' and 'com.dianrong.common.uniauth.server.data.mapper.PermTypeMapper' mapperInterface 
2017-07-03 19:49:42,053 [main] DEBUG org.mybatis.spring.mapper.ClassPathMapperScanner - Creating MapperFactoryBean with name 'cfgMapper' and 'com.dianrong.common.uniauth.server.data.mapper.CfgMapper' mapperInterface 
2017-07-03 19:49:42,053 [main] DEBUG org.mybatis.spring.mapper.ClassPathMapperScanner - Creating MapperFactoryBean with name 'grpAttributeRecordsMapper' and 'com.dianrong.common.uniauth.server.data.mapper.GrpAttributeRecordsMapper' mapperInterface 
2017-07-03 19:49:42,053 [main] DEBUG org.mybatis.spring.mapper.ClassPathMapperScanner - Creating MapperFactoryBean with name 'apiCallerInfoMapper' and 'com.dianrong.common.uniauth.server.data.mapper.ApiCallerInfoMapper' mapperInterface 
2017-07-03 19:49:42,053 [main] DEBUG org.mybatis.spring.mapper.ClassPathMapperScanner - Creating MapperFactoryBean with name 'auditMapper' and 'com.dianrong.common.uniauth.server.data.mapper.AuditMapper' mapperInterface 
2017-07-03 19:49:42,053 [main] DEBUG org.mybatis.spring.mapper.ClassPathMapperScanner - Creating MapperFactoryBean with name 'userPwdLogMapper' and 'com.dianrong.common.uniauth.server.data.mapper.UserPwdLogMapper' mapperInterface 
2017-07-03 19:49:42,053 [main] DEBUG org.mybatis.spring.mapper.ClassPathMapperScanner - Creating MapperFactoryBean with name 'attributeExtendMapper' and 'com.dianrong.common.uniauth.server.data.mapper.AttributeExtendMapper' mapperInterface 
