2017-08-31 16:29:48,875 [main] ERROR c.dianrong.common.techops.util.PureHttpRequestUtil - Send post exception... 
java.io.IOException: Server returned HTTP response code: 415 for URL: http://uniauth-dev.sl.com/uniauth/ws/rs/user/updateuser
	at sun.net.www.protocol.http.HttpURLConnection.getInputStream(HttpURLConnection.java:1627)
	at com.dianrong.common.techops.util.PureHttpRequestUtil.sendPost(PureHttpRequestUtil.java:68)
	at com.dianrong.common.techops.util.PureHttpRequestUtil.main(PureHttpRequestUtil.java:95)
	at sun.reflect.NativeMethodAccessorImpl.invoke0(Native Method)
	at sun.reflect.NativeMethodAccessorImpl.invoke(NativeMethodAccessorImpl.java:57)
	at sun.reflect.DelegatingMethodAccessorImpl.invoke(DelegatingMethodAccessorImpl.java:43)
	at java.lang.reflect.Method.invoke(Method.java:606)
	at com.intellij.rt.execution.application.AppMain.main(AppMain.java:144)
2017-08-31 16:33:03,768 [main] ERROR c.dianrong.common.techops.util.PureHttpRequestUtil - Send post exception... 
java.io.IOException: Server returned HTTP response code: 500 for URL: http://uniauth-dev.sl.com/uniauth/ws/rs/user/updateuser
	at sun.net.www.protocol.http.HttpURLConnection.getInputStream(HttpURLConnection.java:1627)
	at com.dianrong.common.techops.util.PureHttpRequestUtil.sendPost(PureHttpRequestUtil.java:69)
	at com.dianrong.common.techops.util.PureHttpRequestUtil.main(PureHttpRequestUtil.java:96)
	at sun.reflect.NativeMethodAccessorImpl.invoke0(Native Method)
	at sun.reflect.NativeMethodAccessorImpl.invoke(NativeMethodAccessorImpl.java:57)
	at sun.reflect.DelegatingMethodAccessorImpl.invoke(DelegatingMethodAccessorImpl.java:43)
	at java.lang.reflect.Method.invoke(Method.java:606)
	at com.intellij.rt.execution.application.AppMain.main(AppMain.java:144)
2017-08-31 16:38:27,974 [main] ERROR c.dianrong.common.techops.util.PureHttpRequestUtil - Send post exception... 
java.net.SocketTimeoutException: Read timed out
	at java.net.SocketInputStream.socketRead0(Native Method)
	at java.net.SocketInputStream.read(SocketInputStream.java:152)
	at java.net.SocketInputStream.read(SocketInputStream.java:122)
	at java.io.BufferedInputStream.fill(BufferedInputStream.java:235)
	at java.io.BufferedInputStream.read1(BufferedInputStream.java:275)
	at java.io.BufferedInputStream.read(BufferedInputStream.java:334)
	at sun.net.www.http.HttpClient.parseHTTPHeader(HttpClient.java:689)
	at sun.net.www.http.HttpClient.parseHTTP(HttpClient.java:633)
	at sun.net.www.protocol.http.HttpURLConnection.getInputStream(HttpURLConnection.java:1324)
	at com.dianrong.common.techops.util.PureHttpRequestUtil.sendPost(PureHttpRequestUtil.java:72)
	at com.dianrong.common.techops.util.PureHttpRequestUtil.main(PureHttpRequestUtil.java:99)
	at sun.reflect.NativeMethodAccessorImpl.invoke0(Native Method)
	at sun.reflect.NativeMethodAccessorImpl.invoke(NativeMethodAccessorImpl.java:57)
	at sun.reflect.DelegatingMethodAccessorImpl.invoke(DelegatingMethodAccessorImpl.java:43)
	at java.lang.reflect.Method.invoke(Method.java:606)
	at com.intellij.rt.execution.application.AppMain.main(AppMain.java:144)
2017-08-31 16:49:59,528 [main] ERROR c.dianrong.common.techops.util.PureHttpRequestUtil - Send post exception... 
java.io.IOException: Server returned HTTP response code: 415 for URL: http://uniauth-dev.sl.com/uniauth/ws/rs/user/updateuser
	at sun.net.www.protocol.http.HttpURLConnection.getInputStream(HttpURLConnection.java:1627)
	at com.dianrong.common.techops.util.PureHttpRequestUtil.sendPost(PureHttpRequestUtil.java:74)
	at com.dianrong.common.techops.util.PureHttpRequestUtil.main(PureHttpRequestUtil.java:101)
	at sun.reflect.NativeMethodAccessorImpl.invoke0(Native Method)
	at sun.reflect.NativeMethodAccessorImpl.invoke(NativeMethodAccessorImpl.java:57)
	at sun.reflect.DelegatingMethodAccessorImpl.invoke(DelegatingMethodAccessorImpl.java:43)
	at java.lang.reflect.Method.invoke(Method.java:606)
	at com.intellij.rt.execution.application.AppMain.main(AppMain.java:144)
2017-08-31 16:54:42,292 [main] ERROR c.dianrong.common.techops.util.PureHttpRequestUtil - Send post exception... 
java.io.IOException: Server returned HTTP response code: 415 for URL: http://uniauth-dev.sl.com/uniauth/ws/rs/user/updateuser
	at sun.net.www.protocol.http.HttpURLConnection.getInputStream(HttpURLConnection.java:1627)
	at com.dianrong.common.techops.util.PureHttpRequestUtil.sendPost(PureHttpRequestUtil.java:94)
	at com.dianrong.common.techops.util.PureHttpRequestUtil.main(PureHttpRequestUtil.java:124)
	at sun.reflect.NativeMethodAccessorImpl.invoke0(Native Method)
	at sun.reflect.NativeMethodAccessorImpl.invoke(NativeMethodAccessorImpl.java:57)
	at sun.reflect.DelegatingMethodAccessorImpl.invoke(DelegatingMethodAccessorImpl.java:43)
	at java.lang.reflect.Method.invoke(Method.java:606)
	at com.intellij.rt.execution.application.AppMain.main(AppMain.java:144)
